<?xml version="1.0" encoding="UTF-8"?>
<!-- Generated by org.testng.reporters.JUnitXMLReporter -->
<testsuite ignored="0" hostname="DESKTOP-LHMO7C5" failures="0" tests="2" name="chormetest" time="0.041" errors="0" timestamp="2024-05-02T18:24:10 IST">
  <testcase classname="com.mf.testsuites.Test_IndexPage" name="@BeforeMethod bt" time="0.001">
    <failure type="java.lang.NullPointerException" message="Cannot invoke &amp;quot;org.openqa.selenium.WebDriver.manage()&amp;quot; because the return value of &amp;quot;com.mf.base.BaseClass.getDriver()&amp;quot; is null">
      <![CDATA[java.lang.NullPointerException: Cannot invoke "org.openqa.selenium.WebDriver.manage()" because the return value of "com.mf.base.BaseClass.getDriver()" is null
at com.mf.base.BaseClass.intialization(BaseClass.java:59)
at com.mf.testsuites.Test_IndexPage.bt(Test_IndexPage.java:20)
at java.base/java.util.ArrayList.forEach(ArrayList.java:1511)
... Removed 31 stack frames]]>
    </failure>
  </testcase> <!-- @BeforeMethod bt -->
  <testcase classname="com.mf.testsuites.Test_IndexPage" name="@AfterMethod at" time="-1.714654450665E9">
    <skipped/>
  </testcase> <!-- @AfterMethod at -->
  <testcase classname="com.mf.testsuites.Test_IndexPage" name="@BeforeMethod bt" time="-1.714654450668E9">
    <skipped/>
  </testcase> <!-- @BeforeMethod bt -->
  <testcase classname="com.mf.testsuites.Test_IndexPage" name="@AfterMethod at" time="-1.714654450678E9">
    <skipped/>
  </testcase> <!-- @AfterMethod at -->
  <testcase classname="com.mf.testsuites.Test_IndexPage" name="verifyLogo" time="0.0">
    <skipped/>
  </testcase> <!-- verifyLogo -->
  <testcase classname="com.mf.testsuites.Test_IndexPage" name="verityTitle" time="0.0">
    <skipped/>
  </testcase> <!-- verityTitle -->
</testsuite> <!-- chormetest -->
